4953.296 Karl-NAB
4948.898 Breadcentric
4948.864 Fumiaki
4947.274 Etaggel
4947.059 PGS-Tomasz-Panek
4946.357 nero-DNPds
4946.342 JasonLian
4944.273 Aiis-DNP
4943.274 sola-DNPds
4942.940 Jouni-Cybercom
4942.916 nalbam-me
4942.098 JimWu
4942.034 maeda-ai
4941.706 hiroisojp
4941.212 kimwooglae
4940.973 Jochem
4939.588 leo-DNPds
4939.540 ABaykov
4937.950 mogamin
4935.566 Kire
4934.802 hyeonwoo
4934.419 TonyJ
4932.403 BespinRacer
4932.351 nalbam
4931.985 RayG
4929.189 HY-DNP
4927.538 KAGRAZAKA-DNP
4926.918 SF
4925.620 t-maru078
4922.017 Alex-Schultz
4914.609 StarlightDreamStudio
4844.973 kito-DNPds
3956.004 RichardFan
3937.073 Carl
3937.000 KJH
