00:00:09.996	nalbam-me   sh01-50-a-26-76
00:00:10.229    a-wing      sh-26-5-50-1-a-76
00:00:10.779    nalbam-me   sh01-50-a-26-76
00:00:10.936    nalbam-me   sh01-50-a-26-76
00:00:10.958	nalbam-me   sh01-50-a-26-76
00:00:11.103    nalbam-mz   sh01-50-a-567-76
00:00:11.176	x-wing      sh-50-76
00:00:11.231    a-wing      sh-26-5-50-1-a-567
00:00:11.256	a-wing      sh-26-5-50-1-a-567
00:00:11.278    nalbam-me   sh01-50-a-mz
00:00:11.527	x-wing      sh-50-76
00:00:11.608    nalbam-me   sh01-50-a-mz-80
00:00:11.614    nalbam-mz   sh01-50-a-567
00:00:11.661    a-wing      sh-26-5-50-1-a-567
00:00:11.760    a-wing      sh-26-5-50-1-a-567
00:00:11.844    a-wing      sh-26-5-50-1-a-567
00:00:11.890    nalbam-me   sh01-50-a-mz
00:00:12.489    nalbam      sh01-50-26
00:00:12.634    x-wing      sh-26-5-50-1
00:00:13.156    x-wing      sh-26-5-80-2
00:00:13.278    nalbam      sh-30-5-80-2-a
00:00:18.313    nalbam-mz   sh01-60-a
